{
  "stats": {
    "suites": 9,
    "tests": 10,
    "passes": 6,
    "pending": 0,
    "failures": 4,
    "start": "2026-04-25T20:16:45.591Z",
    "end": "2026-04-25T20:16:57.190Z",
    "duration": 11599,
    "testsRegistered": 10,
    "passPercent": 60,
    "pendingPercent": 0,
    "other": 0,
    "hasOther": false,
    "skipped": 0,
    "hasSkipped": false
  },
  "results": [
    {
      "uuid": "28c9457e-7a36-4123-961f-5d4113f5104e",
      "title": "",
      "fullFile": "cypress\\e2e\\api\\api_full_suite.cy.js",
      "file": "cypress\\e2e\\api\\api_full_suite.cy.js",
      "beforeHooks": [],
      "afterHooks": [],
      "tests": [],
      "suites": [
        {
          "uuid": "a1e98ae4-f261-45ea-9b73-4384cf5075aa",
          "title": "Suite Integral de API Testing - OpenCart (Full Coverage)",
          "fullFile": "",
          "file": "",
          "beforeHooks": [],
          "afterHooks": [],
          "tests": [],
          "suites": [
            {
              "uuid": "debd34d0-3dd1-4752-9979-739d41c1dfca",
              "title": "Sección 1 – Productos",
              "fullFile": "",
              "file": "",
              "beforeHooks": [],
              "afterHooks": [],
              "tests": [
                {
                  "title": "API-TC-01 & 02: Obtener lista y producto por ID",
                  "fullTitle": "Suite Integral de API Testing - OpenCart (Full Coverage) Sección 1 – Productos API-TC-01 & 02: Obtener lista y producto por ID",
                  "timedOut": null,
                  "duration": 1691,
                  "state": "failed",
                  "speed": null,
                  "pass": false,
                  "fail": true,
                  "pending": false,
                  "context": "\"assets/api_full_suite.cy.js/Sección 1 – Productos -- API-TC-01 & 02: Obtener lista y producto por ID (failed).png\"",
                  "code": "cy.request('GET', '/index.php?route=api/product/list').then(res => {\n  expect(res.status).to.eq(200);\n  expect(res.body).to.have.property('products'); // TC-01\n});",
                  "err": {
                    "message": "CypressError: `cy.request()` failed on:\n\nhttps://opencart.abstracta.us/index.php?route=api/product/list\n\nThe response we received from your web server was:\n\n  > 404: Not Found\n\nThis was considered a failure because the status code was not `2xx` or `3xx`.\n\nIf you do not want status codes to cause failures pass the option: `failOnStatusCode: false`\n\n-----------------------------------------------------------\n\nThe request we sent was:\n\nMethod: GET\nURL: https://opencart.abstracta.us/index.php?route=api/product/list\nHeaders: {\n  \"Connection\": \"keep-alive\",\n  \"user-agent\": \"Mozilla/5.0 (Windows NT 10.0; Win64; x64) AppleWebKit/537.36 (KHTML, like Gecko) Cypress/15.13.0 Chrome/138.0.7204.251 Electron/37.6.0 Safari/537.36\",\n  \"accept\": \"*/*\",\n  \"accept-encoding\": \"gzip, deflate\"\n}\n\n-----------------------------------------------------------\n\nThe response we got was:\n\nStatus: 404 - Not Found\nHeaders: {\n  \"date\": \"Sat, 25 Apr 2026 20:16:45 GMT\",\n  \"server\": \"Apache\",\n  \"x-powered-by\": \"PHP/7.1.25\",\n  \"access-control-allow-origin\": \"*\",\n  \"access-control-allow-headers\": \"Origin, X-Requested-With, Content-Type, Accept\",\n  \"set-cookie\": [\n    \"OCSESSID=38d554d0d9862f7e518a675bda; path=/\",\n    \"OCSESSID=c31ba1c94db8ec151eb2fc3221; path=/\",\n    \"language=en-gb; expires=Mon, 25-May-2026 20:16:45 GMT; Max-Age=2592000; path=/; domain=opencart.abstracta.us\",\n    \"currency=USD; expires=Mon, 25-May-2026 20:16:45 GMT; Max-Age=2592000; path=/; domain=opencart.abstracta.us\"\n  ],\n  \"x-frame-options\": \"SAMEORIGIN\",\n  \"vary\": \"Cookie\",\n  \"cache-control\": \"s-maxage=10\",\n  \"keep-alive\": \"timeout=5, max=100\",\n  \"connection\": \"Keep-Alive\",\n  \"transfer-encoding\": \"chunked\",\n  \"content-type\": \"text/html; charset=utf-8\"\n}\nBody: <!DOCTYPE html>\n<!--[if IE]><![endif]-->\n<!--[if IE 8 ]><html dir=\"ltr\" lang=\"en\" class=\"ie8\"><![endif]-->\n<!--[if IE 9 ]><html dir=\"ltr\" lang=\"en\" class=\"ie9\"><![endif]-->\n<!--[if (gt IE 9)|!(IE)]><!-->\n<html dir=\"ltr\" lang=\"en\">\n<!--<![endif]-->\n<head>\n<meta charset=\"UTF-8\" />\n<meta name=\"viewport\" content=\"width=device-width, initial-scale=1\">\n<meta http-equiv=\"X-UA-Compatible\" content=\"IE=edge\">\n<title>The page you requested cannot be found!</title>\n<base href=\"https://opencart.abstracta.us:443/\" />\n<script src=\"catalog/view/javascript/jquery/jquery-2.1.1.min.js\" type=\"text/javascript\"></script>\n<link href=\"catalog/view/javascript/bootstrap/css/bootstrap.min.css\" rel=\"stylesheet\" media=\"screen\" />\n<script src=\"catalog/view/javascript/bootstrap/js/bootstrap.min.js\" type=\"text/javascript\"></script>\n<link href=\"catalog/view/javascript/font-awesome/css/font-awesome.min.css\" rel=\"stylesheet\" type=\"text/css\" />\n<link href=\"//fonts.googleapis.com/css?family=Open+Sans:400,400i,300,700\" rel=\"stylesheet\" type=\"text/css\" />\n<link href=\"catalog/view/theme/default/stylesheet/stylesheet.css\" rel=\"stylesheet\">\n<script src=\"catalog/view/javascript/common.js\" type=\"text/javascript\"></script>\n<link href=\"https://opencart.abstracta.us:443/image/catalog/cart.png\" rel=\"icon\" />\n</head>\n<body>\n<nav id=\"top\">\n  <div class=\"container\"><div class=\"pull-left\">\n  <form action=\"https://opencart.abstracta.us:443/index.php?route=common/currency/currency\" method=\"post\" enctype=\"multipart/form-data\" id=\"form-currency\">\n    <div class=\"btn-group\">\n      <button class=\"btn btn-link dropdown-toggle\" data-toggle=\"dropdown\">                               <strong>$</strong>        <span class=\"hidden-xs hidden-sm hidden-md\">Currency</span>&nbsp;<i class=\"fa fa-caret-down\"></i></button>\n      <ul class=\"dropdown-menu\">\n              <li>\n<button class=\"currency-select btn btn-link btn-block\" type=\"button\" name=\"EUR\">€ Euro</button>\n        </li>\n                      ...\n\n\nhttps://on.cypress.io/request",
                    "estack": "CypressError: `cy.request()` failed on:\n\nhttps://opencart.abstracta.us/index.php?route=api/product/list\n\nThe response we received from your web server was:\n\n  > 404: Not Found\n\nThis was considered a failure because the status code was not `2xx` or `3xx`.\n\nIf you do not want status codes to cause failures pass the option: `failOnStatusCode: false`\n\n-----------------------------------------------------------\n\nThe request we sent was:\n\nMethod: GET\nURL: https://opencart.abstracta.us/index.php?route=api/product/list\nHeaders: {\n  \"Connection\": \"keep-alive\",\n  \"user-agent\": \"Mozilla/5.0 (Windows NT 10.0; Win64; x64) AppleWebKit/537.36 (KHTML, like Gecko) Cypress/15.13.0 Chrome/138.0.7204.251 Electron/37.6.0 Safari/537.36\",\n  \"accept\": \"*/*\",\n  \"accept-encoding\": \"gzip, deflate\"\n}\n\n-----------------------------------------------------------\n\nThe response we got was:\n\nStatus: 404 - Not Found\nHeaders: {\n  \"date\": \"Sat, 25 Apr 2026 20:16:45 GMT\",\n  \"server\": \"Apache\",\n  \"x-powered-by\": \"PHP/7.1.25\",\n  \"access-control-allow-origin\": \"*\",\n  \"access-control-allow-headers\": \"Origin, X-Requested-With, Content-Type, Accept\",\n  \"set-cookie\": [\n    \"OCSESSID=38d554d0d9862f7e518a675bda; path=/\",\n    \"OCSESSID=c31ba1c94db8ec151eb2fc3221; path=/\",\n    \"language=en-gb; expires=Mon, 25-May-2026 20:16:45 GMT; Max-Age=2592000; path=/; domain=opencart.abstracta.us\",\n    \"currency=USD; expires=Mon, 25-May-2026 20:16:45 GMT; Max-Age=2592000; path=/; domain=opencart.abstracta.us\"\n  ],\n  \"x-frame-options\": \"SAMEORIGIN\",\n  \"vary\": \"Cookie\",\n  \"cache-control\": \"s-maxage=10\",\n  \"keep-alive\": \"timeout=5, max=100\",\n  \"connection\": \"Keep-Alive\",\n  \"transfer-encoding\": \"chunked\",\n  \"content-type\": \"text/html; charset=utf-8\"\n}\nBody: <!DOCTYPE html>\n<!--[if IE]><![endif]-->\n<!--[if IE 8 ]><html dir=\"ltr\" lang=\"en\" class=\"ie8\"><![endif]-->\n<!--[if IE 9 ]><html dir=\"ltr\" lang=\"en\" class=\"ie9\"><![endif]-->\n<!--[if (gt IE 9)|!(IE)]><!-->\n<html dir=\"ltr\" lang=\"en\">\n<!--<![endif]-->\n<head>\n<meta charset=\"UTF-8\" />\n<meta name=\"viewport\" content=\"width=device-width, initial-scale=1\">\n<meta http-equiv=\"X-UA-Compatible\" content=\"IE=edge\">\n<title>The page you requested cannot be found!</title>\n<base href=\"https://opencart.abstracta.us:443/\" />\n<script src=\"catalog/view/javascript/jquery/jquery-2.1.1.min.js\" type=\"text/javascript\"></script>\n<link href=\"catalog/view/javascript/bootstrap/css/bootstrap.min.css\" rel=\"stylesheet\" media=\"screen\" />\n<script src=\"catalog/view/javascript/bootstrap/js/bootstrap.min.js\" type=\"text/javascript\"></script>\n<link href=\"catalog/view/javascript/font-awesome/css/font-awesome.min.css\" rel=\"stylesheet\" type=\"text/css\" />\n<link href=\"//fonts.googleapis.com/css?family=Open+Sans:400,400i,300,700\" rel=\"stylesheet\" type=\"text/css\" />\n<link href=\"catalog/view/theme/default/stylesheet/stylesheet.css\" rel=\"stylesheet\">\n<script src=\"catalog/view/javascript/common.js\" type=\"text/javascript\"></script>\n<link href=\"https://opencart.abstracta.us:443/image/catalog/cart.png\" rel=\"icon\" />\n</head>\n<body>\n<nav id=\"top\">\n  <div class=\"container\"><div class=\"pull-left\">\n  <form action=\"https://opencart.abstracta.us:443/index.php?route=common/currency/currency\" method=\"post\" enctype=\"multipart/form-data\" id=\"form-currency\">\n    <div class=\"btn-group\">\n      <button class=\"btn btn-link dropdown-toggle\" data-toggle=\"dropdown\">                               <strong>$</strong>        <span class=\"hidden-xs hidden-sm hidden-md\">Currency</span>&nbsp;<i class=\"fa fa-caret-down\"></i></button>\n      <ul class=\"dropdown-menu\">\n              <li>\n<button class=\"currency-select btn btn-link btn-block\" type=\"button\" name=\"EUR\">€ Euro</button>\n        </li>\n                      ...\n\n\nhttps://on.cypress.io/request\n    at <unknown> (https://opencart.abstracta.us/__cypress/runner/cypress_runner.js:136415:72)\n    at tryCatcher (https://opencart.abstracta.us/__cypress/runner/cypress_runner.js:1777:23)\n    at Promise._settlePromiseFromHandler (https://opencart.abstracta.us/__cypress/runner/cypress_runner.js:1489:31)\n    at Promise._settlePromise (https://opencart.abstracta.us/__cypress/runner/cypress_runner.js:1546:18)\n    at Promise._settlePromise0 (https://opencart.abstracta.us/__cypress/runner/cypress_runner.js:1591:10)\n    at Promise._settlePromises (https://opencart.abstracta.us/__cypress/runner/cypress_runner.js:1671:18)\n    at _drainQueueStep (https://opencart.abstracta.us/__cypress/runner/cypress_runner.js:2377:12)\n    at _drainQueue (https://opencart.abstracta.us/__cypress/runner/cypress_runner.js:2370:9)\n    at Async._drainQueues (https://opencart.abstracta.us/__cypress/runner/cypress_runner.js:2386:5)\n    at Async.drainQueues (https://opencart.abstracta.us/__cypress/runner/cypress_runner.js:2256:14)\nFrom Your Spec Code:\n    at Context.eval (webpack://proyecto-e2e-opencart/./cypress/e2e/api/api_full_suite.cy.js:6:15)",
                    "diff": null
                  },
                  "uuid": "81f6dda3-94f3-465b-a155-a3904e502f54",
                  "parentUUID": "debd34d0-3dd1-4752-9979-739d41c1dfca",
                  "isHook": false,
                  "skipped": false
                },
                {
                  "title": "API-TC-03: Validar consistencia UI vs API",
                  "fullTitle": "Suite Integral de API Testing - OpenCart (Full Coverage) Sección 1 – Productos API-TC-03: Validar consistencia UI vs API",
                  "timedOut": null,
                  "duration": 41,
                  "state": "passed",
                  "speed": "fast",
                  "pass": true,
                  "fail": false,
                  "pending": false,
                  "context": null,
                  "code": "// Lógica para comparar datos (Precio, Stock, Reward Points)",
                  "err": {},
                  "uuid": "17cfa04e-9556-4398-bdc5-cbd4925e5bf7",
                  "parentUUID": "debd34d0-3dd1-4752-9979-739d41c1dfca",
                  "isHook": false,
                  "skipped": false
                }
              ],
              "suites": [],
              "passes": [
                "17cfa04e-9556-4398-bdc5-cbd4925e5bf7"
              ],
              "failures": [
                "81f6dda3-94f3-465b-a155-a3904e502f54"
              ],
              "pending": [],
              "skipped": [],
              "duration": 1732,
              "root": false,
              "rootEmpty": false,
              "_timeout": 2000
            },
            {
              "uuid": "089f19ea-da8a-47b6-9446-cafb0e782a4e",
              "title": "Sección 2 – Carrito",
              "fullFile": "",
              "file": "",
              "beforeHooks": [],
              "afterHooks": [],
              "tests": [
                {
                  "title": "API-TC-04 al 07: CRUD completo del Carrito",
                  "fullTitle": "Suite Integral de API Testing - OpenCart (Full Coverage) Sección 2 – Carrito API-TC-04 al 07: CRUD completo del Carrito",
                  "timedOut": null,
                  "duration": 21,
                  "state": "passed",
                  "speed": "fast",
                  "pass": true,
                  "fail": false,
                  "pending": false,
                  "context": null,
                  "code": "// Crear -> Agregar -> Obtener -> Eliminar",
                  "err": {},
                  "uuid": "1e6099f6-e7b1-4fd3-be59-0d9e6fa6cf0f",
                  "parentUUID": "089f19ea-da8a-47b6-9446-cafb0e782a4e",
                  "isHook": false,
                  "skipped": false
                }
              ],
              "suites": [],
              "passes": [
                "1e6099f6-e7b1-4fd3-be59-0d9e6fa6cf0f"
              ],
              "failures": [],
              "pending": [],
              "skipped": [],
              "duration": 21,
              "root": false,
              "rootEmpty": false,
              "_timeout": 2000
            },
            {
              "uuid": "e9a15a62-e84a-4bd6-88df-b5e076df51dc",
              "title": "Sección 3 – Totales",
              "fullFile": "",
              "file": "",
              "beforeHooks": [],
              "afterHooks": [],
              "tests": [
                {
                  "title": "API-TC-08: Validar cálculo de Subtotal, Eco Tax, VAT y Total",
                  "fullTitle": "Suite Integral de API Testing - OpenCart (Full Coverage) Sección 3 – Totales API-TC-08: Validar cálculo de Subtotal, Eco Tax, VAT y Total",
                  "timedOut": null,
                  "duration": 13,
                  "state": "passed",
                  "speed": "fast",
                  "pass": true,
                  "fail": false,
                  "pending": false,
                  "context": null,
                  "code": "// Validación financiera",
                  "err": {},
                  "uuid": "2092a92a-b4fd-40e8-90ea-4bd53f770a78",
                  "parentUUID": "e9a15a62-e84a-4bd6-88df-b5e076df51dc",
                  "isHook": false,
                  "skipped": false
                }
              ],
              "suites": [],
              "passes": [
                "2092a92a-b4fd-40e8-90ea-4bd53f770a78"
              ],
              "failures": [],
              "pending": [],
              "skipped": [],
              "duration": 13,
              "root": false,
              "rootEmpty": false,
              "_timeout": 2000
            },
            {
              "uuid": "7edfedff-9546-4454-86fc-3658826aee29",
              "title": "Sección 4 – Stock",
              "fullFile": "",
              "file": "",
              "beforeHooks": [],
              "afterHooks": [],
              "tests": [
                {
                  "title": "API-TC-09 & 10: Validación de inventario pre y post pedido",
                  "fullTitle": "Suite Integral de API Testing - OpenCart (Full Coverage) Sección 4 – Stock API-TC-09 & 10: Validación de inventario pre y post pedido",
                  "timedOut": null,
                  "duration": 19,
                  "state": "passed",
                  "speed": "fast",
                  "pass": true,
                  "fail": false,
                  "pending": false,
                  "context": null,
                  "code": "// Verificar que el stock disminuya tras una compra",
                  "err": {},
                  "uuid": "12f224f9-2034-4e65-98c6-a35acb34dd0d",
                  "parentUUID": "7edfedff-9546-4454-86fc-3658826aee29",
                  "isHook": false,
                  "skipped": false
                }
              ],
              "suites": [],
              "passes": [
                "12f224f9-2034-4e65-98c6-a35acb34dd0d"
              ],
              "failures": [],
              "pending": [],
              "skipped": [],
              "duration": 19,
              "root": false,
              "rootEmpty": false,
              "_timeout": 2000
            },
            {
              "uuid": "5f0dc5a9-0d5f-43a5-bf8f-cd197ed81aba",
              "title": "Sección 5 – Pedidos",
              "fullFile": "",
              "file": "",
              "beforeHooks": [],
              "afterHooks": [],
              "tests": [
                {
                  "title": "API-TC-11 al 13: Creación y consistencia API vs SQL",
                  "fullTitle": "Suite Integral de API Testing - OpenCart (Full Coverage) Sección 5 – Pedidos API-TC-11 al 13: Creación y consistencia API vs SQL",
                  "timedOut": null,
                  "duration": 19,
                  "state": "passed",
                  "speed": "fast",
                  "pass": true,
                  "fail": false,
                  "pending": false,
                  "context": null,
                  "code": "// Generar Order ID y validar integridad",
                  "err": {},
                  "uuid": "cfd8c489-0a5d-4746-992f-bbaa8b43ab86",
                  "parentUUID": "5f0dc5a9-0d5f-43a5-bf8f-cd197ed81aba",
                  "isHook": false,
                  "skipped": false
                }
              ],
              "suites": [],
              "passes": [
                "cfd8c489-0a5d-4746-992f-bbaa8b43ab86"
              ],
              "failures": [],
              "pending": [],
              "skipped": [],
              "duration": 19,
              "root": false,
              "rootEmpty": false,
              "_timeout": 2000
            },
            {
              "uuid": "90edb7f4-787e-44f3-9aa2-6eee3e02a30d",
              "title": "Sección 6 – Casos Negativos",
              "fullFile": "",
              "file": "",
              "beforeHooks": [],
              "afterHooks": [],
              "tests": [
                {
                  "title": "API-TC-14 al 16: Productos inexistentes y falta de stock",
                  "fullTitle": "Suite Integral de API Testing - OpenCart (Full Coverage) Sección 6 – Casos Negativos API-TC-14 al 16: Productos inexistentes y falta de stock",
                  "timedOut": null,
                  "duration": 15,
                  "state": "passed",
                  "speed": "fast",
                  "pass": true,
                  "fail": false,
                  "pending": false,
                  "context": null,
                  "code": "// Validar errores 400/404/409",
                  "err": {},
                  "uuid": "09f00322-ace3-4436-9957-f107b398b846",
                  "parentUUID": "90edb7f4-787e-44f3-9aa2-6eee3e02a30d",
                  "isHook": false,
                  "skipped": false
                }
              ],
              "suites": [],
              "passes": [
                "09f00322-ace3-4436-9957-f107b398b846"
              ],
              "failures": [],
              "pending": [],
              "skipped": [],
              "duration": 15,
              "root": false,
              "rootEmpty": false,
              "_timeout": 2000
            },
            {
              "uuid": "0a8642f0-57f4-42fa-86ae-b6290078bd13",
              "title": "Sección 7 – Performance",
              "fullFile": "",
              "file": "",
              "beforeHooks": [],
              "afterHooks": [],
              "tests": [
                {
                  "title": "API-TC-17 & 18: Tiempos de respuesta (SLA < 500ms)",
                  "fullTitle": "Suite Integral de API Testing - OpenCart (Full Coverage) Sección 7 – Performance API-TC-17 & 18: Tiempos de respuesta (SLA < 500ms)",
                  "timedOut": null,
                  "duration": 660,
                  "state": "failed",
                  "speed": null,
                  "pass": false,
                  "fail": true,
                  "pending": false,
                  "context": "\"assets/api_full_suite.cy.js/Sección 7 – Performance -- API-TC-17 & 18: Tiempos de respuesta (SLA < 500ms) (failed).png\"",
                  "code": "cy.request('/index.php?route=api/product/list').then(res => {\n  expect(res.duration).to.be.lessThan(500);\n});",
                  "err": {
                    "message": "CypressError: `cy.request()` failed on:\n\nhttps://opencart.abstracta.us/index.php?route=api/product/list\n\nThe response we received from your web server was:\n\n  > 404: Not Found\n\nThis was considered a failure because the status code was not `2xx` or `3xx`.\n\nIf you do not want status codes to cause failures pass the option: `failOnStatusCode: false`\n\n-----------------------------------------------------------\n\nThe request we sent was:\n\nMethod: GET\nURL: https://opencart.abstracta.us/index.php?route=api/product/list\nHeaders: {\n  \"Connection\": \"keep-alive\",\n  \"user-agent\": \"Mozilla/5.0 (Windows NT 10.0; Win64; x64) AppleWebKit/537.36 (KHTML, like Gecko) Cypress/15.13.0 Chrome/138.0.7204.251 Electron/37.6.0 Safari/537.36\",\n  \"accept\": \"*/*\",\n  \"accept-encoding\": \"gzip, deflate\"\n}\n\n-----------------------------------------------------------\n\nThe response we got was:\n\nStatus: 404 - Not Found\nHeaders: {\n  \"date\": \"Sat, 25 Apr 2026 20:16:46 GMT\",\n  \"server\": \"Apache\",\n  \"x-powered-by\": \"PHP/7.1.25\",\n  \"access-control-allow-origin\": \"*\",\n  \"access-control-allow-headers\": \"Origin, X-Requested-With, Content-Type, Accept\",\n  \"set-cookie\": [\n    \"OCSESSID=cec328dd94ac6a2db8635b9b27; path=/\",\n    \"OCSESSID=003a77fd57ff7296c20daa8e35; path=/\",\n    \"language=en-gb; expires=Mon, 25-May-2026 20:16:46 GMT; Max-Age=2592000; path=/; domain=opencart.abstracta.us\",\n    \"currency=USD; expires=Mon, 25-May-2026 20:16:46 GMT; Max-Age=2592000; path=/; domain=opencart.abstracta.us\"\n  ],\n  \"x-frame-options\": \"SAMEORIGIN\",\n  \"vary\": \"Cookie\",\n  \"cache-control\": \"s-maxage=10\",\n  \"keep-alive\": \"timeout=5, max=99\",\n  \"connection\": \"Keep-Alive\",\n  \"transfer-encoding\": \"chunked\",\n  \"content-type\": \"text/html; charset=utf-8\"\n}\nBody: <!DOCTYPE html>\n<!--[if IE]><![endif]-->\n<!--[if IE 8 ]><html dir=\"ltr\" lang=\"en\" class=\"ie8\"><![endif]-->\n<!--[if IE 9 ]><html dir=\"ltr\" lang=\"en\" class=\"ie9\"><![endif]-->\n<!--[if (gt IE 9)|!(IE)]><!-->\n<html dir=\"ltr\" lang=\"en\">\n<!--<![endif]-->\n<head>\n<meta charset=\"UTF-8\" />\n<meta name=\"viewport\" content=\"width=device-width, initial-scale=1\">\n<meta http-equiv=\"X-UA-Compatible\" content=\"IE=edge\">\n<title>The page you requested cannot be found!</title>\n<base href=\"https://opencart.abstracta.us:443/\" />\n<script src=\"catalog/view/javascript/jquery/jquery-2.1.1.min.js\" type=\"text/javascript\"></script>\n<link href=\"catalog/view/javascript/bootstrap/css/bootstrap.min.css\" rel=\"stylesheet\" media=\"screen\" />\n<script src=\"catalog/view/javascript/bootstrap/js/bootstrap.min.js\" type=\"text/javascript\"></script>\n<link href=\"catalog/view/javascript/font-awesome/css/font-awesome.min.css\" rel=\"stylesheet\" type=\"text/css\" />\n<link href=\"//fonts.googleapis.com/css?family=Open+Sans:400,400i,300,700\" rel=\"stylesheet\" type=\"text/css\" />\n<link href=\"catalog/view/theme/default/stylesheet/stylesheet.css\" rel=\"stylesheet\">\n<script src=\"catalog/view/javascript/common.js\" type=\"text/javascript\"></script>\n<link href=\"https://opencart.abstracta.us:443/image/catalog/cart.png\" rel=\"icon\" />\n</head>\n<body>\n<nav id=\"top\">\n  <div class=\"container\"><div class=\"pull-left\">\n  <form action=\"https://opencart.abstracta.us:443/index.php?route=common/currency/currency\" method=\"post\" enctype=\"multipart/form-data\" id=\"form-currency\">\n    <div class=\"btn-group\">\n      <button class=\"btn btn-link dropdown-toggle\" data-toggle=\"dropdown\">                               <strong>$</strong>        <span class=\"hidden-xs hidden-sm hidden-md\">Currency</span>&nbsp;<i class=\"fa fa-caret-down\"></i></button>\n      <ul class=\"dropdown-menu\">\n              <li>\n<button class=\"currency-select btn btn-link btn-block\" type=\"button\" name=\"EUR\">€ Euro</button>\n        </li>\n                      ...\n\n\nhttps://on.cypress.io/request",
                    "estack": "CypressError: `cy.request()` failed on:\n\nhttps://opencart.abstracta.us/index.php?route=api/product/list\n\nThe response we received from your web server was:\n\n  > 404: Not Found\n\nThis was considered a failure because the status code was not `2xx` or `3xx`.\n\nIf you do not want status codes to cause failures pass the option: `failOnStatusCode: false`\n\n-----------------------------------------------------------\n\nThe request we sent was:\n\nMethod: GET\nURL: https://opencart.abstracta.us/index.php?route=api/product/list\nHeaders: {\n  \"Connection\": \"keep-alive\",\n  \"user-agent\": \"Mozilla/5.0 (Windows NT 10.0; Win64; x64) AppleWebKit/537.36 (KHTML, like Gecko) Cypress/15.13.0 Chrome/138.0.7204.251 Electron/37.6.0 Safari/537.36\",\n  \"accept\": \"*/*\",\n  \"accept-encoding\": \"gzip, deflate\"\n}\n\n-----------------------------------------------------------\n\nThe response we got was:\n\nStatus: 404 - Not Found\nHeaders: {\n  \"date\": \"Sat, 25 Apr 2026 20:16:46 GMT\",\n  \"server\": \"Apache\",\n  \"x-powered-by\": \"PHP/7.1.25\",\n  \"access-control-allow-origin\": \"*\",\n  \"access-control-allow-headers\": \"Origin, X-Requested-With, Content-Type, Accept\",\n  \"set-cookie\": [\n    \"OCSESSID=cec328dd94ac6a2db8635b9b27; path=/\",\n    \"OCSESSID=003a77fd57ff7296c20daa8e35; path=/\",\n    \"language=en-gb; expires=Mon, 25-May-2026 20:16:46 GMT; Max-Age=2592000; path=/; domain=opencart.abstracta.us\",\n    \"currency=USD; expires=Mon, 25-May-2026 20:16:46 GMT; Max-Age=2592000; path=/; domain=opencart.abstracta.us\"\n  ],\n  \"x-frame-options\": \"SAMEORIGIN\",\n  \"vary\": \"Cookie\",\n  \"cache-control\": \"s-maxage=10\",\n  \"keep-alive\": \"timeout=5, max=99\",\n  \"connection\": \"Keep-Alive\",\n  \"transfer-encoding\": \"chunked\",\n  \"content-type\": \"text/html; charset=utf-8\"\n}\nBody: <!DOCTYPE html>\n<!--[if IE]><![endif]-->\n<!--[if IE 8 ]><html dir=\"ltr\" lang=\"en\" class=\"ie8\"><![endif]-->\n<!--[if IE 9 ]><html dir=\"ltr\" lang=\"en\" class=\"ie9\"><![endif]-->\n<!--[if (gt IE 9)|!(IE)]><!-->\n<html dir=\"ltr\" lang=\"en\">\n<!--<![endif]-->\n<head>\n<meta charset=\"UTF-8\" />\n<meta name=\"viewport\" content=\"width=device-width, initial-scale=1\">\n<meta http-equiv=\"X-UA-Compatible\" content=\"IE=edge\">\n<title>The page you requested cannot be found!</title>\n<base href=\"https://opencart.abstracta.us:443/\" />\n<script src=\"catalog/view/javascript/jquery/jquery-2.1.1.min.js\" type=\"text/javascript\"></script>\n<link href=\"catalog/view/javascript/bootstrap/css/bootstrap.min.css\" rel=\"stylesheet\" media=\"screen\" />\n<script src=\"catalog/view/javascript/bootstrap/js/bootstrap.min.js\" type=\"text/javascript\"></script>\n<link href=\"catalog/view/javascript/font-awesome/css/font-awesome.min.css\" rel=\"stylesheet\" type=\"text/css\" />\n<link href=\"//fonts.googleapis.com/css?family=Open+Sans:400,400i,300,700\" rel=\"stylesheet\" type=\"text/css\" />\n<link href=\"catalog/view/theme/default/stylesheet/stylesheet.css\" rel=\"stylesheet\">\n<script src=\"catalog/view/javascript/common.js\" type=\"text/javascript\"></script>\n<link href=\"https://opencart.abstracta.us:443/image/catalog/cart.png\" rel=\"icon\" />\n</head>\n<body>\n<nav id=\"top\">\n  <div class=\"container\"><div class=\"pull-left\">\n  <form action=\"https://opencart.abstracta.us:443/index.php?route=common/currency/currency\" method=\"post\" enctype=\"multipart/form-data\" id=\"form-currency\">\n    <div class=\"btn-group\">\n      <button class=\"btn btn-link dropdown-toggle\" data-toggle=\"dropdown\">                               <strong>$</strong>        <span class=\"hidden-xs hidden-sm hidden-md\">Currency</span>&nbsp;<i class=\"fa fa-caret-down\"></i></button>\n      <ul class=\"dropdown-menu\">\n              <li>\n<button class=\"currency-select btn btn-link btn-block\" type=\"button\" name=\"EUR\">€ Euro</button>\n        </li>\n                      ...\n\n\nhttps://on.cypress.io/request\n    at <unknown> (https://opencart.abstracta.us/__cypress/runner/cypress_runner.js:136415:72)\n    at tryCatcher (https://opencart.abstracta.us/__cypress/runner/cypress_runner.js:1777:23)\n    at Promise._settlePromiseFromHandler (https://opencart.abstracta.us/__cypress/runner/cypress_runner.js:1489:31)\n    at Promise._settlePromise (https://opencart.abstracta.us/__cypress/runner/cypress_runner.js:1546:18)\n    at Promise._settlePromise0 (https://opencart.abstracta.us/__cypress/runner/cypress_runner.js:1591:10)\n    at Promise._settlePromises (https://opencart.abstracta.us/__cypress/runner/cypress_runner.js:1671:18)\n    at _drainQueueStep (https://opencart.abstracta.us/__cypress/runner/cypress_runner.js:2377:12)\n    at _drainQueue (https://opencart.abstracta.us/__cypress/runner/cypress_runner.js:2370:9)\n    at Async._drainQueues (https://opencart.abstracta.us/__cypress/runner/cypress_runner.js:2386:5)\n    at Async.drainQueues (https://opencart.abstracta.us/__cypress/runner/cypress_runner.js:2256:14)\nFrom Your Spec Code:\n    at Context.eval (webpack://proyecto-e2e-opencart/./cypress/e2e/api/api_full_suite.cy.js:55:15)",
                    "diff": null
                  },
                  "uuid": "fcda5aee-8d1d-40a3-ac7b-87e817af012b",
                  "parentUUID": "0a8642f0-57f4-42fa-86ae-b6290078bd13",
                  "isHook": false,
                  "skipped": false
                }
              ],
              "suites": [],
              "passes": [],
              "failures": [
                "fcda5aee-8d1d-40a3-ac7b-87e817af012b"
              ],
              "pending": [],
              "skipped": [],
              "duration": 660,
              "root": false,
              "rootEmpty": false,
              "_timeout": 2000
            },
            {
              "uuid": "656d78c6-f536-4fda-9047-edde9baa8521",
              "title": "Sección 8 – Seguridad",
              "fullFile": "",
              "file": "",
              "beforeHooks": [],
              "afterHooks": [],
              "tests": [
                {
                  "title": "API-TC-19: Acceso sin API Key",
                  "fullTitle": "Suite Integral de API Testing - OpenCart (Full Coverage) Sección 8 – Seguridad API-TC-19: Acceso sin API Key",
                  "timedOut": null,
                  "duration": 4433,
                  "state": "failed",
                  "speed": null,
                  "pass": false,
                  "fail": true,
                  "pending": false,
                  "context": "\"assets/api_full_suite.cy.js/Sección 8 – Seguridad -- API-TC-19: Acceso sin API Key (failed).png\"",
                  "code": "cy.request({\n  url: '/index.php?route=api/order/add',\n  failOnStatusCode: false\n}).its('status').should('be.oneOf', [401, 403]);",
                  "err": {
                    "message": "AssertionError: Timed out retrying after 4000ms: expected 200 to be one of [ 401, 403 ]",
                    "estack": "AssertionError: Timed out retrying after 4000ms: expected 200 to be one of [ 401, 403 ]\n    at Context.eval (webpack://proyecto-e2e-opencart/./cypress/e2e/api/api_full_suite.cy.js:65:31)",
                    "diff": "- 200\n+ [ 401, 403 ]\n"
                  },
                  "uuid": "2e40e5dc-1f73-4374-8085-8e2ce9b6f1f1",
                  "parentUUID": "656d78c6-f536-4fda-9047-edde9baa8521",
                  "isHook": false,
                  "skipped": false
                },
                {
                  "title": "API-TC-20: Acceso con API Key inválida",
                  "fullTitle": "Suite Integral de API Testing - OpenCart (Full Coverage) Sección 8 – Seguridad API-TC-20: Acceso con API Key inválida",
                  "timedOut": null,
                  "duration": 4403,
                  "state": "failed",
                  "speed": null,
                  "pass": false,
                  "fail": true,
                  "pending": false,
                  "context": "\"assets/api_full_suite.cy.js/Sección 8 – Seguridad -- API-TC-20: Acceso con API Key inválida (failed).png\"",
                  "code": "cy.request({\n  method: 'POST',\n  url: '/index.php?route=api/login',\n  body: {\n    key: 'invalid_key'\n  },\n  failOnStatusCode: false\n}).its('status').should('be.oneOf', [401, 403]);",
                  "err": {
                    "message": "AssertionError: Timed out retrying after 4000ms: expected 200 to be one of [ 401, 403 ]",
                    "estack": "AssertionError: Timed out retrying after 4000ms: expected 200 to be one of [ 401, 403 ]\n    at Context.eval (webpack://proyecto-e2e-opencart/./cypress/e2e/api/api_full_suite.cy.js:74:29)",
                    "diff": "- 200\n+ [ 401, 403 ]\n"
                  },
                  "uuid": "2ef3dd6d-1c64-450c-86b7-f3d27dcc2427",
                  "parentUUID": "656d78c6-f536-4fda-9047-edde9baa8521",
                  "isHook": false,
                  "skipped": false
                }
              ],
              "suites": [],
              "passes": [],
              "failures": [
                "2e40e5dc-1f73-4374-8085-8e2ce9b6f1f1",
                "2ef3dd6d-1c64-450c-86b7-f3d27dcc2427"
              ],
              "pending": [],
              "skipped": [],
              "duration": 8836,
              "root": false,
              "rootEmpty": false,
              "_timeout": 2000
            }
          ],
          "passes": [],
          "failures": [],
          "pending": [],
          "skipped": [],
          "duration": 0,
          "root": false,
          "rootEmpty": false,
          "_timeout": 2000
        }
      ],
      "passes": [],
      "failures": [],
      "pending": [],
      "skipped": [],
      "duration": 0,
      "root": true,
      "rootEmpty": true,
      "_timeout": 2000
    }
  ],
  "meta": {
    "mocha": {
      "version": "7.2.0"
    },
    "mochawesome": {
      "options": {
        "quiet": false,
        "reportFilename": "mochawesome",
        "saveHtml": false,
        "saveJson": true,
        "consoleReporter": "spec",
        "useInlineDiffs": false,
        "code": true
      },
      "version": "7.1.4"
    },
    "marge": {
      "options": {
        "reportDir": "reports/mochawesome",
        "overwrite": false,
        "html": false,
        "json": true
      },
      "version": "6.3.2"
    }
  }
}